<?xml version="1.0" encoding="UTF-8"?>
<!-- Generated by org.testng.reporters.JUnitReportReporter -->
<testsuite hostname="IN-PG02NMB7" failures="0" tests="1" name="runner.TestRunner" time="14.103" errors="0" timestamp="2024-06-02T13:00:06 IST" skipped="0">
  <testcase classname="runner.TestRunner" name="runScenario" time="14.103"/>
</testsuite> <!-- runner.TestRunner -->
